Heap:
 PSYoungGen      total 416768K, used 123022K [0x00000000e0000000, 0x0000000100000000, 0x0000000100000000)
  eden space 377344K, 22% used [0x00000000e0000000,0x00000000e51a4638,0x00000000f7080000)
  from space 39424K, 99% used [0x00000000f7080000,0x00000000f96ff320,0x00000000f9700000)
  to   space 50688K, 0% used [0x00000000fce80000,0x00000000fce80000,0x0000000100000000)
 ParOldGen       total 190464K, used 84991K [0x00000000a0000000, 0x00000000aba00000, 0x00000000e0000000)
  object space 190464K, 44% used [0x00000000a0000000,0x00000000a52ffeb0,0x00000000aba00000)
 Metaspace       used 119362K, capacity 125148K, committed 125400K, reserved 1159168K
  class space    used 15463K, capacity 16599K, committed 16640K, reserved 1048576K
GC Heap History (10 events):
Event: 708.728 GC heap before
{Heap before GC invocations=21 (full 3):
 PSYoungGen      total 331264K, used 101016K [0x00000000e0000000, 0x00000000f8280000, 0x0000000100000000)
  eden space 296960K, 29% used [0x00000000e0000000,0x00000000e55aa2a8,0x00000000f2200000)
  from space 34304K, 38% used [0x00000000f2200000,0x00000000f2efc040,0x00000000f4380000)
  to   space 32768K, 0% used [0x00000000f6280000,0x00000000f6280000,0x00000000f8280000)
 ParOldGen       total 121344K, used 78021K [0x00000000a0000000, 0x00000000a7680000, 0x00000000e0000000)
  object space 121344K, 64% used [0x00000000a0000000,0x00000000a4c315f8,0x00000000a7680000)
 Metaspace       used 93516K, capacity 98142K, committed 98380K, reserved 1134592K
  class space    used 12250K, capacity 13196K, committed 13312K, reserved 1048576K
Event: 708.844 GC heap after
Heap after GC invocations=21 (full 3):
 PSYoungGen      total 360448K, used 26865K [0x00000000e0000000, 0x00000000f9880000, 0x0000000100000000)
  eden space 327680K, 0% used [0x00000000e0000000,0x00000000e0000000,0x00000000f4000000)
  from space 32768K, 81% used [0x00000000f6280000,0x00000000f7cbc5e0,0x00000000f8280000)
  to   space 35328K, 0% used [0x00000000f4000000,0x00000000f4000000,0x00000000f6280000)
 ParOldGen       total 121344K, used 78029K [0x00000000a0000000, 0x00000000a7680000, 0x00000000e0000000)
  object space 121344K, 64% used [0x00000000a0000000,0x00000000a4c335f8,0x00000000a7680000)
 Metaspace       used 93516K, capacity 98142K, committed 98380K, reserved 1134592K
  class space    used 12250K, capacity 13196K, committed 13312K, reserved 1048576K
}
Event: 708.844 GC heap before
{Heap before GC invocations=22 (full 4):
 PSYoungGen      total 360448K, used 26865K [0x00000000e0000000, 0x00000000f9880000, 0x0000000100000000)
  eden space 327680K, 0% used [0x00000000e0000000,0x00000000e0000000,0x00000000f4000000)
  from space 32768K, 81% used [0x00000000f6280000,0x00000000f7cbc5e0,0x00000000f8280000)
  to   space 35328K, 0% used [0x00000000f4000000,0x00000000f4000000,0x00000000f6280000)
 ParOldGen       total 121344K, used 78029K [0x00000000a0000000, 0x00000000a7680000, 0x00000000e0000000)
  object space 121344K, 64% used [0x00000000a0000000,0x00000000a4c335f8,0x00000000a7680000)
 Metaspace       used 93516K, capacity 98142K, committed 98380K, reserved 1134592K
  class space    used 12250K, capacity 13196K, committed 13312K, reserved 1048576K
Event: 709.321 GC heap after
Heap after GC invocations=22 (full 4):
 PSYoungGen      total 360448K, used 0K [0x00000000e0000000, 0x00000000f9880000, 0x0000000100000000)
  eden space 327680K, 0% used [0x00000000e0000000,0x00000000e0000000,0x00000000f4000000)
  from space 32768K, 0% used [0x00000000f6280000,0x00000000f6280000,0x00000000f8280000)
  to   space 35328K, 0% used [0x00000000f4000000,0x00000000f4000000,0x00000000f6280000)
 ParOldGen       total 190464K, used 70257K [0x00000000a0000000, 0x00000000aba00000, 0x00000000e0000000)
  object space 190464K, 36% used [0x00000000a0000000,0x00000000a449c590,0x00000000aba00000)
 Metaspace       used 93388K, capacity 97776K, committed 98380K, reserved 1134592K
  class space    used 12207K, capacity 13121K, committed 13312K, reserved 1048576K
}
Event: 714.632 GC heap before
{Heap before GC invocations=23 (full 4):
 PSYoungGen      total 360448K, used 327680K [0x00000000e0000000, 0x00000000f9880000, 0x0000000100000000)
  eden space 327680K, 100% used [0x00000000e0000000,0x00000000f4000000,0x00000000f4000000)
  from space 32768K, 0% used [0x00000000f6280000,0x00000000f6280000,0x00000000f8280000)
  to   space 35328K, 0% used [0x00000000f4000000,0x00000000f4000000,0x00000000f6280000)
 ParOldGen       total 190464K, used 70257K [0x00000000a0000000, 0x00000000aba00000, 0x00000000e0000000)
  object space 190464K, 36% used [0x00000000a0000000,0x00000000a449c590,0x00000000aba00000)
 Metaspace       used 101565K, capacity 106232K, committed 106328K, reserved 1140736K
  class space    used 13220K, capacity 14199K, committed 14208K, reserved 1048576K
Event: 714.657 GC heap after
Heap after GC invocations=23 (full 4):
 PSYoungGen      total 363008K, used 21393K [0x00000000e0000000, 0x00000000fbe00000, 0x0000000100000000)
  eden space 327680K, 0% used [0x00000000e0000000,0x00000000e0000000,0x00000000f4000000)
  from space 35328K, 60% used [0x00000000f4000000,0x00000000f54e4410,0x00000000f6280000)
  to   space 35328K, 0% used [0x00000000f9b80000,0x00000000f9b80000,0x00000000fbe00000)
 ParOldGen       total 190464K, used 70265K [0x00000000a0000000, 0x00000000aba00000, 0x00000000e0000000)
  object space 190464K, 36% used [0x00000000a0000000,0x00000000a449e590,0x00000000aba00000)
 Metaspace       used 101565K, capacity 106232K, committed 106328K, reserved 1140736K
  class space    used 13220K, capacity 14199K, committed 14208K, reserved 1048576K
}
Event: 800.535 GC heap before
{Heap before GC invocations=24 (full 4):
 PSYoungGen      total 363008K, used 349073K [0x00000000e0000000, 0x00000000fbe00000, 0x0000000100000000)
  eden space 327680K, 100% used [0x00000000e0000000,0x00000000f4000000,0x00000000f4000000)
  from space 35328K, 60% used [0x00000000f4000000,0x00000000f54e4410,0x00000000f6280000)
  to   space 35328K, 0% used [0x00000000f9b80000,0x00000000f9b80000,0x00000000fbe00000)
 ParOldGen       total 190464K, used 70265K [0x00000000a0000000, 0x00000000aba00000, 0x00000000e0000000)
  object space 190464K, 36% used [0x00000000a0000000,0x00000000a449e590,0x00000000aba00000)
 Metaspace       used 111951K, capacity 117366K, committed 117720K, reserved 1150976K
  class space    used 14695K, capacity 15766K, committed 15872K, reserved 1048576K
Event: 800.591 GC heap after
Heap after GC invocations=24 (full 4):
 PSYoungGen      total 412160K, used 31712K [0x00000000e0000000, 0x00000000fbd80000, 0x0000000100000000)
  eden space 377344K, 0% used [0x00000000e0000000,0x00000000e0000000,0x00000000f7080000)
  from space 34816K, 91% used [0x00000000f9b80000,0x00000000fba78170,0x00000000fbd80000)
  to   space 39424K, 0% used [0x00000000f7080000,0x00000000f7080000,0x00000000f9700000)
 ParOldGen       total 190464K, used 70265K [0x00000000a0000000, 0x00000000aba00000, 0x00000000e0000000)
  object space 190464K, 36% used [0x00000000a0000000,0x00000000a449e590,0x00000000aba00000)
 Metaspace       used 111951K, capacity 117366K, committed 117720K, reserved 1150976K
  class space    used 14695K, capacity 15766K, committed 15872K, reserved 1048576K
}
Event: 812.342 GC heap before
{Heap before GC invocations=25 (full 4):
 PSYoungGen      total 412160K, used 409056K [0x00000000e0000000, 0x00000000fbd80000, 0x0000000100000000)
  eden space 377344K, 100% used [0x00000000e0000000,0x00000000f7080000,0x00000000f7080000)
  from space 34816K, 91% used [0x00000000f9b80000,0x00000000fba78170,0x00000000fbd80000)
  to   space 39424K, 0% used [0x00000000f7080000,0x00000000f7080000,0x00000000f9700000)
 ParOldGen       total 190464K, used 70265K [0x00000000a0000000, 0x00000000aba00000, 0x00000000e0000000)
  object space 190464K, 36% used [0x00000000a0000000,0x00000000a449e590,0x00000000aba00000)
 Metaspace       used 118917K, capacity 124560K, committed 124888K, reserved 1157120K
  class space    used 15445K, capacity 16553K, committed 16640K, reserved 1048576K
Event: 812.436 GC heap after
Heap after GC invocations=25 (full 4):
 PSYoungGen      total 416768K, used 39420K [0x00000000e0000000, 0x0000000100000000, 0x0000000100000000)
  eden space 377344K, 0% used [0x00000000e0000000,0x00000000e0000000,0x00000000f7080000)
  from space 39424K, 99% used [0x00000000f7080000,0x00000000f96ff320,0x00000000f9700000)
  to   space 50688K, 0% used [0x00000000fce80000,0x00000000fce80000,0x0000000100000000)
 ParOldGen       total 190464K, used 84991K [0x00000000a0000000, 0x00000000aba00000, 0x00000000e0000000)
  object space 190464K, 44% used [0x00000000a0000000,0x00000000a52ffeb0,0x00000000aba00000)
 Metaspace       used 118917K, capacity 124560K, committed 124888K, reserved 1157120K
  class space    used 15445K, capacity 16553K, committed 16640K, reserved 1048576K
}

