# JRE version: OpenJDK Runtime Environment (8.0_242-b01) (build 1.8.0_242-release-1644-b01)
# Java VM: OpenJDK 64-Bit Server VM (25.242-b01 mixed mode windows-amd64 compressed oops)
Heap:
 PSYoungGen      total 458752K, used 152494K [0x00000000e0000000, 0x0000000100000000, 0x0000000100000000)
  eden space 397312K, 22% used [0x00000000e0000000,0x00000000e58ecd38,0x00000000f8400000)
  from space 61440K, 99% used [0x00000000f8400000,0x00000000fbffeb00,0x00000000fc000000)
  to   space 65536K, 0% used [0x00000000fc000000,0x00000000fc000000,0x0000000100000000)
 ParOldGen       total 271872K, used 224350K [0x00000000a0000000, 0x00000000b0980000, 0x00000000e0000000)
  object space 271872K, 82% used [0x00000000a0000000,0x00000000adb179e0,0x00000000b0980000)
 Metaspace       used 130839K, capacity 137188K, committed 137304K, reserved 1169408K
  class space    used 16765K, capacity 18035K, committed 18048K, reserved 1048576K
GC Heap History (10 events):
Event: 109.067 GC heap before
{Heap before GC invocations=21 (full 4):
 PSYoungGen      total 347136K, used 347119K [0x00000000e0000000, 0x00000000fb600000, 0x0000000100000000)
  eden space 296960K, 100% used [0x00000000e0000000,0x00000000f2200000,0x00000000f2200000)
  from space 50176K, 99% used [0x00000000f6080000,0x00000000f917bc40,0x00000000f9180000)
  to   space 64000K, 0% used [0x00000000f2200000,0x00000000f2200000,0x00000000f6080000)
 ParOldGen       total 271872K, used 137131K [0x00000000a0000000, 0x00000000b0980000, 0x00000000e0000000)
  object space 271872K, 50% used [0x00000000a0000000,0x00000000a85eae90,0x00000000b0980000)
 Metaspace       used 99711K, capacity 104496K, committed 104536K, reserved 1140736K
  class space    used 13264K, capacity 14200K, committed 14208K, reserved 1048576K
Event: 109.230 GC heap after
Heap after GC invocations=21 (full 4):
 PSYoungGen      total 360960K, used 8814K [0x00000000e0000000, 0x00000000fdc00000, 0x0000000100000000)
  eden space 296960K, 0% used [0x00000000e0000000,0x00000000e0000000,0x00000000f2200000)
  from space 64000K, 13% used [0x00000000f2200000,0x00000000f2a9bbe0,0x00000000f6080000)
  to   space 62464K, 0% used [0x00000000f9f00000,0x00000000f9f00000,0x00000000fdc00000)
 ParOldGen       total 271872K, used 178564K [0x00000000a0000000, 0x00000000b0980000, 0x00000000e0000000)
  object space 271872K, 65% used [0x00000000a0000000,0x00000000aae61348,0x00000000b0980000)
 Metaspace       used 99711K, capacity 104496K, committed 104536K, reserved 1140736K
  class space    used 13264K, capacity 14200K, committed 14208K, reserved 1048576K
}
Event: 2683.229 GC heap before
{Heap before GC invocations=22 (full 4):
 PSYoungGen      total 360960K, used 305774K [0x00000000e0000000, 0x00000000fdc00000, 0x0000000100000000)
  eden space 296960K, 100% used [0x00000000e0000000,0x00000000f2200000,0x00000000f2200000)
  from space 64000K, 13% used [0x00000000f2200000,0x00000000f2a9bbe0,0x00000000f6080000)
  to   space 62464K, 0% used [0x00000000f9f00000,0x00000000f9f00000,0x00000000fdc00000)
 ParOldGen       total 271872K, used 178564K [0x00000000a0000000, 0x00000000b0980000, 0x00000000e0000000)
  object space 271872K, 65% used [0x00000000a0000000,0x00000000aae61348,0x00000000b0980000)
 Metaspace       used 105475K, capacity 110374K, committed 110680K, reserved 1144832K
  class space    used 13684K, capacity 14629K, committed 14720K, reserved 1048576K
Event: 2683.521 GC heap after
Heap after GC invocations=22 (full 4):
 PSYoungGen      total 400384K, used 19760K [0x00000000e0000000, 0x00000000fcc80000, 0x0000000100000000)
  eden space 353792K, 0% used [0x00000000e0000000,0x00000000e0000000,0x00000000f5980000)
  from space 46592K, 42% used [0x00000000f9f00000,0x00000000fb24c108,0x00000000fcc80000)
  to   space 58880K, 0% used [0x00000000f5980000,0x00000000f5980000,0x00000000f9300000)
 ParOldGen       total 271872K, used 180435K [0x00000000a0000000, 0x00000000b0980000, 0x00000000e0000000)
  object space 271872K, 66% used [0x00000000a0000000,0x00000000ab034e90,0x00000000b0980000)
 Metaspace       used 105475K, capacity 110374K, committed 110680K, reserved 1144832K
  class space    used 13684K, capacity 14629K, committed 14720K, reserved 1048576K
}
Event: 2687.611 GC heap before
{Heap before GC invocations=23 (full 4):
 PSYoungGen      total 400384K, used 373552K [0x00000000e0000000, 0x00000000fcc80000, 0x0000000100000000)
  eden space 353792K, 100% used [0x00000000e0000000,0x00000000f5980000,0x00000000f5980000)
  from space 46592K, 42% used [0x00000000f9f00000,0x00000000fb24c108,0x00000000fcc80000)
  to   space 58880K, 0% used [0x00000000f5980000,0x00000000f5980000,0x00000000f9300000)
 ParOldGen       total 271872K, used 180435K [0x00000000a0000000, 0x00000000b0980000, 0x00000000e0000000)
  object space 271872K, 66% used [0x00000000a0000000,0x00000000ab034e90,0x00000000b0980000)
 Metaspace       used 110187K, capacity 115318K, committed 115672K, reserved 1148928K
  class space    used 14232K, capacity 15235K, committed 15360K, reserved 1048576K
Event: 2687.836 GC heap after
Heap after GC invocations=23 (full 4):
 PSYoungGen      total 412672K, used 49462K [0x00000000e0000000, 0x0000000100000000, 0x0000000100000000)
  eden space 353792K, 0% used [0x00000000e0000000,0x00000000e0000000,0x00000000f5980000)
  from space 58880K, 84% used [0x00000000f5980000,0x00000000f89cdb88,0x00000000f9300000)
  to   space 65536K, 0% used [0x00000000fc000000,0x00000000fc000000,0x0000000100000000)
 ParOldGen       total 271872K, used 191372K [0x00000000a0000000, 0x00000000b0980000, 0x00000000e0000000)
  object space 271872K, 70% used [0x00000000a0000000,0x00000000abae3388,0x00000000b0980000)
 Metaspace       used 110187K, capacity 115318K, committed 115672K, reserved 1148928K
  class space    used 14232K, capacity 15235K, committed 15360K, reserved 1048576K
}
Event: 2930.165 GC heap before
{Heap before GC invocations=24 (full 4):
 PSYoungGen      total 412672K, used 403254K [0x00000000e0000000, 0x0000000100000000, 0x0000000100000000)
  eden space 353792K, 100% used [0x00000000e0000000,0x00000000f5980000,0x00000000f5980000)
  from space 58880K, 84% used [0x00000000f5980000,0x00000000f89cdb88,0x00000000f9300000)
  to   space 65536K, 0% used [0x00000000fc000000,0x00000000fc000000,0x0000000100000000)
 ParOldGen       total 271872K, used 191372K [0x00000000a0000000, 0x00000000b0980000, 0x00000000e0000000)
  object space 271872K, 70% used [0x00000000a0000000,0x00000000abae3388,0x00000000b0980000)
 Metaspace       used 120372K, capacity 126200K, committed 126296K, reserved 1159168K
  class space    used 15565K, capacity 16701K, committed 16768K, reserved 1048576K
Event: 2930.218 GC heap after
Heap after GC invocations=24 (full 4):
 PSYoungGen      total 461312K, used 24330K [0x00000000e0000000, 0x00000000ffe80000, 0x0000000100000000)
  eden space 397312K, 0% used [0x00000000e0000000,0x00000000e0000000,0x00000000f8400000)
  from space 64000K, 38% used [0x00000000fc000000,0x00000000fd7c2ad0,0x00000000ffe80000)
  to   space 61440K, 0% used [0x00000000f8400000,0x00000000f8400000,0x00000000fc000000)
 ParOldGen       total 271872K, used 192268K [0x00000000a0000000, 0x00000000b0980000, 0x00000000e0000000)
  object space 271872K, 70% used [0x00000000a0000000,0x00000000abbc3050,0x00000000b0980000)
 Metaspace       used 120372K, capacity 126200K, committed 126296K, reserved 1159168K
  class space    used 15565K, capacity 16701K, committed 16768K, reserved 1048576K
}
Event: 3115.128 GC heap before
{Heap before GC invocations=25 (full 4):
 PSYoungGen      total 461312K, used 421642K [0x00000000e0000000, 0x00000000ffe80000, 0x0000000100000000)
  eden space 397312K, 100% used [0x00000000e0000000,0x00000000f8400000,0x00000000f8400000)
  from space 64000K, 38% used [0x00000000fc000000,0x00000000fd7c2ad0,0x00000000ffe80000)
  to   space 61440K, 0% used [0x00000000f8400000,0x00000000f8400000,0x00000000fc000000)
 ParOldGen       total 271872K, used 192268K [0x00000000a0000000, 0x00000000b0980000, 0x00000000e0000000)
  object space 271872K, 70% used [0x00000000a0000000,0x00000000abbc3050,0x00000000b0980000)
 Metaspace       used 130661K, capacity 136956K, committed 137048K, reserved 1169408K
  class space    used 16762K, capacity 18029K, committed 18048K, reserved 1048576K
Event: 3115.437 GC heap after
Heap after GC invocations=25 (full 4):
 PSYoungGen      total 458752K, used 61434K [0x00000000e0000000, 0x0000000100000000, 0x0000000100000000)
  eden space 397312K, 0% used [0x00000000e0000000,0x00000000e0000000,0x00000000f8400000)
  from space 61440K, 99% used [0x00000000f8400000,0x00000000fbffeb00,0x00000000fc000000)
  to   space 65536K, 0% used [0x00000000fc000000,0x00000000fc000000,0x0000000100000000)
 ParOldGen       total 271872K, used 224350K [0x00000000a0000000, 0x00000000b0980000, 0x00000000e0000000)
  object space 271872K, 82% used [0x00000000a0000000,0x00000000adb179e0,0x00000000b0980000)
 Metaspace       used 130661K, capacity 136956K, committed 137048K, reserved 1169408K
  class space    used 16762K, capacity 18029K, committed 18048K, reserved 1048576K
}

